2023.02.13 14:10:01 INFO  tracing is disabled for protocol LSP, to enable tracing of incoming and outgoing JSON messages create an empty file at /Users/vilmatiainen/Documents/Aalto bsc/Year 1/Programming Studio A/Triangle Puzzle game/.metals/lsp.trace.json or /Users/vilmatiainen/Library/Caches/org.scalameta.metals/lsp.trace.json
2023.02.13 14:10:02 INFO  logging to file /Users/vilmatiainen/Documents/Aalto bsc/Year 1/Programming Studio A/Triangle Puzzle game/.metals/metals.log
2023.02.13 14:10:02 INFO  Started: Metals version 0.11.10 in workspace '/Users/vilmatiainen/Documents/Aalto bsc/Year 1/Programming Studio A/Triangle Puzzle game' for client Visual Studio Code 1.74.0.
SLF4J: No SLF4J providers were found.
SLF4J: Defaulting to no-operation (NOP) logger implementation
SLF4J: See https://www.slf4j.org/codes.html#noProviders for further details.
SLF4J: Class path contains SLF4J bindings targeting slf4j-api versions 1.7.x or earlier.
SLF4J: Ignoring binding found at [jar:file:/Users/vilmatiainen/Library/Caches/Coursier/v1/https/repo1.maven.org/maven2/com/outr/scribe-slf4j_2.13/3.10.5/scribe-slf4j_2.13-3.10.5.jar!/org/slf4j/impl/StaticLoggerBinder.class]
SLF4J: See https://www.slf4j.org/codes.html#ignoredBindings for an explanation.
2023.02.13 14:10:06 INFO  time: initialize in 3.92s
2023.02.13 14:10:10 WARN  Build server is not auto-connectable.
2023.02.13 14:10:10 WARN  no build tool detected in workspace '/Users/vilmatiainen/Documents/Aalto bsc/Year 1/Programming Studio A/Triangle Puzzle game'. The most common cause for this problem is that the editor was opened in the wrong working directory, for example if you use sbt then the workspace directory should contain build.sbt. 
2023.02.13 14:10:10 WARN  no build target for: /Users/vilmatiainen/Documents/Aalto bsc/Year 1/Programming Studio A/Triangle Puzzle game/Game/GUI/PuzzleGUI.scala
Feb 13, 2023 2:10:14 PM org.eclipse.lsp4j.jsonrpc.RemoteEndpoint handleCancellation
WARNING: Unmatched cancel notification for request id 1
2023.02.13 14:10:48 INFO  no build target found for /Users/vilmatiainen/Documents/Aalto bsc/Year 1/Programming Studio A/Triangle Puzzle game/Game/GUI/PuzzleGUI.scala. Using presentation compiler with project's scala-library version: 3.2.1
2023.02.13 14:10:49 WARN  no build target for: /Users/vilmatiainen/Documents/Aalto bsc/Year 1/Programming Studio A/Triangle Puzzle game/Game/Tests/Tests/GeneratorAndCheckerTest.scala
2023.02.13 14:10:54 INFO  time: code lens generation in 39s
2023.02.13 14:10:54 INFO  time: code lens generation in 39s
2023.02.13 14:10:54 INFO  time: code lens generation in 3.98s
2023.02.13 14:11:09 WARN  no build target for: /Users/vilmatiainen/Documents/Aalto bsc/Year 1/Programming Studio A/Triangle Puzzle game/Game/GUI/PuzzleGUI.scala
2023.02.13 14:11:17 WARN  no build target for: /Users/vilmatiainen/Documents/Aalto bsc/Year 1/Programming Studio A/Triangle Puzzle game/Game/GUI/PuzzleGUI.scala
Feb 13, 2023 2:11:17 PM org.eclipse.lsp4j.jsonrpc.RemoteEndpoint fallbackResponseError
SEVERE: Internal error: scala.meta.internal.metals.debug.BuildTargetNotFoundForPathException: No build target could be found for the path: /Users/vilmatiainen/Documents/Aalto bsc/Year 1/Programming Studio A/Triangle Puzzle game/Game/GUI/PuzzleGUI.scala
java.util.concurrent.CompletionException: scala.meta.internal.metals.debug.BuildTargetNotFoundForPathException: No build target could be found for the path: /Users/vilmatiainen/Documents/Aalto bsc/Year 1/Programming Studio A/Triangle Puzzle game/Game/GUI/PuzzleGUI.scala
	at java.base/java.util.concurrent.CompletableFuture.encodeThrowable(CompletableFuture.java:332)
	at java.base/java.util.concurrent.CompletableFuture.uniAcceptNow(CompletableFuture.java:747)
	at java.base/java.util.concurrent.CompletableFuture.uniAcceptStage(CompletableFuture.java:735)
	at java.base/java.util.concurrent.CompletableFuture.thenAcceptAsync(CompletableFuture.java:2186)
	at scala.concurrent.java8.FuturesConvertersImpl$CF.thenAccept(FutureConvertersImpl.scala:37)
	at org.eclipse.lsp4j.jsonrpc.RemoteEndpoint.handleRequest(RemoteEndpoint.java:279)
	at org.eclipse.lsp4j.jsonrpc.RemoteEndpoint.consume(RemoteEndpoint.java:190)
	at org.eclipse.lsp4j.jsonrpc.json.StreamMessageProducer.handleMessage(StreamMessageProducer.java:194)
	at org.eclipse.lsp4j.jsonrpc.json.StreamMessageProducer.listen(StreamMessageProducer.java:94)
	at org.eclipse.lsp4j.jsonrpc.json.ConcurrentMessageProcessor.run(ConcurrentMessageProcessor.java:113)
	at java.base/java.util.concurrent.Executors$RunnableAdapter.call(Executors.java:539)
	at java.base/java.util.concurrent.FutureTask.run(FutureTask.java:264)
	at java.base/java.util.concurrent.ThreadPoolExecutor.runWorker(ThreadPoolExecutor.java:1136)
	at java.base/java.util.concurrent.ThreadPoolExecutor$Worker.run(ThreadPoolExecutor.java:635)
	at java.base/java.lang.Thread.run(Thread.java:833)
Caused by: scala.meta.internal.metals.debug.BuildTargetNotFoundForPathException: No build target could be found for the path: /Users/vilmatiainen/Documents/Aalto bsc/Year 1/Programming Studio A/Triangle Puzzle game/Game/GUI/PuzzleGUI.scala
	at scala.meta.internal.metals.debug.DebugProvider.debugDiscovery(DebugProvider.scala:400)
	at scala.meta.internal.metals.MetalsLanguageServer.executeCommand(MetalsLanguageServer.scala:2012)
	at java.base/jdk.internal.reflect.NativeMethodAccessorImpl.invoke0(Native Method)
	at java.base/jdk.internal.reflect.NativeMethodAccessorImpl.invoke(NativeMethodAccessorImpl.java:77)
	at java.base/jdk.internal.reflect.DelegatingMethodAccessorImpl.invoke(DelegatingMethodAccessorImpl.java:43)
	at java.base/java.lang.reflect.Method.invoke(Method.java:568)
	at org.eclipse.lsp4j.jsonrpc.services.GenericEndpoint.lambda$null$0(GenericEndpoint.java:65)
	at org.eclipse.lsp4j.jsonrpc.services.GenericEndpoint.request(GenericEndpoint.java:120)
	at org.eclipse.lsp4j.jsonrpc.RemoteEndpoint.handleRequest(RemoteEndpoint.java:261)
	... 9 more

2023.02.13 14:14:02 WARN  no build tool detected in workspace '/Users/vilmatiainen/Documents/Aalto bsc/Year 1/Programming Studio A/Triangle Puzzle game'. The most common cause for this problem is that the editor was opened in the wrong working directory, for example if you use sbt then the workspace directory should contain build.sbt. 
2023.02.13 15:22:53 INFO  shutting down Metals
2023.03.26 23:32:53 INFO  tracing is disabled for protocol LSP, to enable tracing of incoming and outgoing JSON messages create an empty file at /Users/vilmatiainen/Documents/Aalto bsc/Year 1/Programming Studio A/Triangle Puzzle game/.metals/lsp.trace.json or /Users/vilmatiainen/Library/Caches/org.scalameta.metals/lsp.trace.json
2023.03.26 23:32:54 INFO  logging to file /Users/vilmatiainen/Documents/Aalto bsc/Year 1/Programming Studio A/Triangle Puzzle game/.metals/metals.log
2023.03.26 23:32:54 INFO  Started: Metals version 0.11.10 in workspace '/Users/vilmatiainen/Documents/Aalto bsc/Year 1/Programming Studio A/Triangle Puzzle game' for client Visual Studio Code 1.75.1.
SLF4J: No SLF4J providers were found.
SLF4J: Defaulting to no-operation (NOP) logger implementation
SLF4J: See https://www.slf4j.org/codes.html#noProviders for further details.
SLF4J: Class path contains SLF4J bindings targeting slf4j-api versions 1.7.x or earlier.
SLF4J: Ignoring binding found at [jar:file:/Users/vilmatiainen/Library/Caches/Coursier/v1/https/repo1.maven.org/maven2/com/outr/scribe-slf4j_2.13/3.10.5/scribe-slf4j_2.13-3.10.5.jar!/org/slf4j/impl/StaticLoggerBinder.class]
SLF4J: See https://www.slf4j.org/codes.html#ignoredBindings for an explanation.
2023.03.26 23:32:56 INFO  time: initialize in 1.8s
2023.03.26 23:33:00 WARN  Build server is not auto-connectable.
2023.03.26 23:33:00 WARN  no build tool detected in workspace '/Users/vilmatiainen/Documents/Aalto bsc/Year 1/Programming Studio A/Triangle Puzzle game'. The most common cause for this problem is that the editor was opened in the wrong working directory, for example if you use sbt then the workspace directory should contain build.sbt. 
2023.03.26 23:33:01 WARN  no build target for: /Users/vilmatiainen/Documents/Aalto bsc/Year 1/Programming Studio A/Triangle Puzzle game/Game/GUI/PuzzleGUI.scala
2023.03.26 23:33:07 INFO  shutting down Metals
2023.03.26 23:33:08 INFO  no build target found for /Users/vilmatiainen/Documents/Aalto bsc/Year 1/Programming Studio A/Triangle Puzzle game/Game/GUI/PuzzleGUI.scala. Using presentation compiler with project's scala-library version: 3.2.1
